# JRE version: OpenJDK Runtime Environment (11.0.7+10) (build 11.0.7+10-b765.65)
# Java VM: OpenJDK 64-Bit Server VM (11.0.7+10-b765.65, mixed mode, tiered, compressed oops, g1 gc, windows-amd64)
Heap:
 garbage-first heap   total 157696K, used 23507K [0x0000000080000000, 0x0000000100000000)
  region size 1024K, 6 young (6144K), 6 survivors (6144K)
 Metaspace       used 39914K, capacity 40708K, committed 40912K, reserved 1085440K
  class space    used 5112K, capacity 5385K, committed 5452K, reserved 1048576K
GC Heap History (11 events):
Event: 0.802 GC heap before
{Heap before GC invocations=0 (full 0):
 garbage-first heap   total 131072K, used 29696K [0x0000000080000000, 0x0000000100000000)
  region size 1024K, 24 young (24576K), 0 survivors (0K)
 Metaspace       used 10766K, capacity 11012K, committed 11264K, reserved 1058816K
  class space    used 1138K, capacity 1200K, committed 1280K, reserved 1048576K
}
Event: 0.808 GC heap after
{Heap after GC invocations=1 (full 0):
 garbage-first heap   total 131072K, used 8491K [0x0000000080000000, 0x0000000100000000)
  region size 1024K, 3 young (3072K), 3 survivors (3072K)
 Metaspace       used 10766K, capacity 11012K, committed 11264K, reserved 1058816K
  class space    used 1138K, capacity 1200K, committed 1280K, reserved 1048576K
}
Event: 2.157 GC heap before
{Heap before GC invocations=1 (full 0):
 garbage-first heap   total 131072K, used 82219K [0x0000000080000000, 0x0000000100000000)
  region size 1024K, 76 young (77824K), 3 survivors (3072K)
 Metaspace       used 19851K, capacity 20350K, committed 20480K, reserved 1067008K
  class space    used 2336K, capacity 2497K, committed 2560K, reserved 1048576K
}
Event: 2.165 GC heap after
{Heap after GC invocations=2 (full 0):
 garbage-first heap   total 131072K, used 15352K [0x0000000080000000, 0x0000000100000000)
  region size 1024K, 10 young (10240K), 10 survivors (10240K)
 Metaspace       used 19851K, capacity 20350K, committed 20480K, reserved 1067008K
  class space    used 2336K, capacity 2497K, committed 2560K, reserved 1048576K
}
Event: 2.249 GC heap before
{Heap before GC invocations=2 (full 0):
 garbage-first heap   total 131072K, used 25592K [0x0000000080000000, 0x0000000100000000)
  region size 1024K, 21 young (21504K), 10 survivors (10240K)
 Metaspace       used 20803K, capacity 21220K, committed 21296K, reserved 1069056K
  class space    used 2519K, capacity 2660K, committed 2688K, reserved 1048576K
}
Event: 2.256 GC heap after
{Heap after GC invocations=3 (full 0):
 garbage-first heap   total 131072K, used 16227K [0x0000000080000000, 0x0000000100000000)
  region size 1024K, 1 young (1024K), 1 survivors (1024K)
 Metaspace       used 20803K, capacity 21220K, committed 21296K, reserved 1069056K
  class space    used 2519K, capacity 2660K, committed 2688K, reserved 1048576K
}
Event: 2.931 GC heap before
{Heap before GC invocations=4 (full 0):
 garbage-first heap   total 131072K, used 67427K [0x0000000080000000, 0x0000000100000000)
  region size 1024K, 52 young (53248K), 1 survivors (1024K)
 Metaspace       used 27354K, capacity 27965K, committed 28284K, reserved 1073152K
  class space    used 3530K, capacity 3699K, committed 3788K, reserved 1048576K
}
Event: 2.935 GC heap after
{Heap after GC invocations=5 (full 0):
 garbage-first heap   total 131072K, used 17812K [0x0000000080000000, 0x0000000100000000)
  region size 1024K, 3 young (3072K), 3 survivors (3072K)
 Metaspace       used 27354K, capacity 27965K, committed 28284K, reserved 1073152K
  class space    used 3530K, capacity 3699K, committed 3788K, reserved 1048576K
}
Event: 3.760 GC heap before
{Heap before GC invocations=5 (full 0):
 garbage-first heap   total 131072K, used 54676K [0x0000000080000000, 0x0000000100000000)
  region size 1024K, 38 young (38912K), 3 survivors (3072K)
 Metaspace       used 35216K, capacity 35915K, committed 36048K, reserved 1081344K
  class space    used 4368K, capacity 4598K, committed 4684K, reserved 1048576K
}
Event: 3.770 GC heap after
{Heap after GC invocations=6 (full 0):
 garbage-first heap   total 131072K, used 20939K [0x0000000080000000, 0x0000000100000000)
  region size 1024K, 6 young (6144K), 6 survivors (6144K)
 Metaspace       used 35216K, capacity 35915K, committed 36048K, reserved 1081344K
  class space    used 4368K, capacity 4598K, committed 4684K, reserved 1048576K
}
Event: 4.495 GC heap before
{Heap before GC invocations=7 (full 0):
 garbage-first heap   total 131072K, used 79307K [0x0000000080000000, 0x0000000100000000)
  region size 1024K, 63 young (64512K), 6 survivors (6144K)
 Metaspace       used 39914K, capacity 40708K, committed 40912K, reserved 1085440K
  class space    used 5112K, capacity 5385K, committed 5452K, reserved 1048576K
}

